<?xml version="1.0" encoding="UTF-8"?>
<!-- Generated by org.testng.reporters.JUnitXMLReporter -->
<testsuite ignored="0" hostname="DESKTOP-F9ACE5P" failures="0" tests="7" name="Surefire test" time="37.313" errors="0" timestamp="2024-03-08T16:25:58 IST">
  <testcase classname="com.bank.qa.testcases.AddCustomerTest" name="verifyManagerLogin" time="1.726"/>
  <testcase classname="com.bank.qa.testcases.CustomerslistTest" name="verifySearch" time="1.685"/>
  <testcase classname="com.bank.qa.testcases.depositPageTest" name="DepositMoney" time="2.689"/>
  <testcase classname="com.bank.qa.testcases.HomePageTest" name="homePageTest" time="2.94"/>
  <testcase classname="com.bank.qa.testcases.LoginPageTest" name="verifyLogin" time="2.231"/>
  <testcase classname="com.bank.qa.testcases.OpenAccountTest" name="createAccount" time="2.019"/>
  <testcase classname="com.bank.qa.testcases.WithdrawTest" name="DepositMoney" time="2.244"/>
</testsuite> <!-- Surefire test -->
