<?xml version="1.0" encoding="UTF-8"?>
<!-- Generated by org.testng.reporters.JUnitXMLReporter -->
<testsuite ignored="0" hostname="DESKTOP-F9ACE5P" failures="0" tests="5" name="Surefire test" time="26.646" errors="0" timestamp="2024-03-08T10:58:15 IST">
  <testcase classname="com.bank.qa.testcases.AddCustomerTest" name="verifyManagerLogin" time="1.624"/>
  <testcase classname="com.bank.qa.testcases.CustomerslistTest" name="verifySearch" time="1.461"/>
  <testcase classname="com.bank.qa.testcases.HomePageTest" name="homePageTest" time="0.648"/>
  <testcase classname="com.bank.qa.testcases.LoginPageTest" name="verifyLogin" time="1.786"/>
  <testcase classname="com.bank.qa.testcases.OpenAccountTest" name="createAccount" time="1.873"/>
</testsuite> <!-- Surefire test -->
