<?xml version="1.0" encoding="UTF-8"?>
<!-- Generated by org.testng.reporters.JUnitXMLReporter -->
<testsuite ignored="0" hostname="DESKTOP-F9ACE5P" failures="0" tests="5" name="Test" time="22.042" errors="0" timestamp="08 Mar 2024 05:16:34 GMT">
  <testcase classname="com.bank.qa.testcases.LoginPageTest" name="verifyLogin" time="1.71"/>
  <testcase classname="com.bank.qa.testcases.CustomerslistTest" name="verifySearch" time="1.49"/>
  <testcase classname="com.bank.qa.testcases.AddCustomerTest" name="verifyManagerLogin" time="1.757"/>
  <testcase classname="com.bank.qa.testcases.HomePageTest" name="homePageTest" time="0.721"/>
  <testcase classname="com.bank.qa.testcases.OpenAccountTest" name="createAccount" time="1.994"/>
</testsuite> <!-- Test -->
