<?xml version="1.0" encoding="UTF-8"?>
<testng-results ignored="0" total="7" passed="7" failed="0" skipped="0">
  <reporter-output>
  </reporter-output>
  <suite started-at="2024-03-08T16:25:20 IST" name="Surefire suite" finished-at="2024-03-08T16:25:58 IST" duration-ms="37313">
    <groups>
    </groups>
    <test started-at="2024-03-08T16:25:20 IST" name="Surefire test" finished-at="2024-03-08T16:25:58 IST" duration-ms="37313">
      <class name="com.bank.qa.testcases.depositPageTest">
        <test-method is-config="true" signature="setup()[pri:0, instance:com.bank.qa.testcases.depositPageTest@152aa092]" started-at="2024-03-08T16:25:29 IST" name="setup" finished-at="2024-03-08T16:25:32 IST" duration-ms="2448" status="PASS">
          <reporter-output>
          </reporter-output>
        </test-method> <!-- setup -->
        <test-method signature="DepositMoney()[pri:0, instance:com.bank.qa.testcases.depositPageTest@152aa092]" started-at="2024-03-08T16:25:32 IST" name="DepositMoney" finished-at="2024-03-08T16:25:34 IST" duration-ms="2689" status="PASS">
          <reporter-output>
          </reporter-output>
        </test-method> <!-- DepositMoney -->
      </class> <!-- com.bank.qa.testcases.depositPageTest -->
      <class name="com.bank.qa.testcases.WithdrawTest">
        <test-method is-config="true" signature="setup()[pri:0, instance:com.bank.qa.testcases.WithdrawTest@37858383]" started-at="2024-03-08T16:25:51 IST" name="setup" finished-at="2024-03-08T16:25:55 IST" duration-ms="4818" status="PASS">
          <reporter-output>
          </reporter-output>
        </test-method> <!-- setup -->
        <test-method signature="DepositMoney()[pri:0, instance:com.bank.qa.testcases.WithdrawTest@37858383]" started-at="2024-03-08T16:25:55 IST" name="DepositMoney" finished-at="2024-03-08T16:25:58 IST" duration-ms="2244" status="PASS">
          <reporter-output>
          </reporter-output>
        </test-method> <!-- DepositMoney -->
      </class> <!-- com.bank.qa.testcases.WithdrawTest -->
      <class name="com.bank.qa.testcases.HomePageTest">
        <test-method is-config="true" signature="setup()[pri:0, instance:com.bank.qa.testcases.HomePageTest@44a7bfbc]" started-at="2024-03-08T16:25:34 IST" name="setup" finished-at="2024-03-08T16:25:37 IST" duration-ms="2470" status="PASS">
          <reporter-output>
          </reporter-output>
        </test-method> <!-- setup -->
        <test-method signature="homePageTest()[pri:1, instance:com.bank.qa.testcases.HomePageTest@44a7bfbc]" started-at="2024-03-08T16:25:37 IST" name="homePageTest" finished-at="2024-03-08T16:25:40 IST" duration-ms="2940" status="PASS">
          <reporter-output>
          </reporter-output>
        </test-method> <!-- homePageTest -->
      </class> <!-- com.bank.qa.testcases.HomePageTest -->
      <class name="com.bank.qa.testcases.LoginPageTest">
        <test-method is-config="true" signature="setup()[pri:0, instance:com.bank.qa.testcases.LoginPageTest@4ef37659]" started-at="2024-03-08T16:25:40 IST" name="setup" finished-at="2024-03-08T16:25:43 IST" duration-ms="3171" status="PASS">
          <reporter-output>
          </reporter-output>
        </test-method> <!-- setup -->
        <test-method signature="verifyLogin()[pri:0, instance:com.bank.qa.testcases.LoginPageTest@4ef37659]" started-at="2024-03-08T16:25:43 IST" name="verifyLogin" finished-at="2024-03-08T16:25:45 IST" duration-ms="2231" status="PASS">
          <reporter-output>
          </reporter-output>
        </test-method> <!-- verifyLogin -->
      </class> <!-- com.bank.qa.testcases.LoginPageTest -->
      <class name="com.bank.qa.testcases.OpenAccountTest">
        <test-method is-config="true" signature="setup()[pri:0, instance:com.bank.qa.testcases.OpenAccountTest@776b83cc]" started-at="2024-03-08T16:25:45 IST" name="setup" finished-at="2024-03-08T16:25:49 IST" duration-ms="3588" status="PASS">
          <reporter-output>
          </reporter-output>
        </test-method> <!-- setup -->
        <test-method signature="createAccount()[pri:3, instance:com.bank.qa.testcases.OpenAccountTest@776b83cc]" started-at="2024-03-08T16:25:49 IST" name="createAccount" finished-at="2024-03-08T16:25:51 IST" duration-ms="2019" status="PASS">
          <reporter-output>
          </reporter-output>
        </test-method> <!-- createAccount -->
      </class> <!-- com.bank.qa.testcases.OpenAccountTest -->
      <class name="com.bank.qa.testcases.CustomerslistTest">
        <test-method is-config="true" signature="setup()[pri:0, instance:com.bank.qa.testcases.CustomerslistTest@524d6d96]" started-at="2024-03-08T16:25:25 IST" name="setup" finished-at="2024-03-08T16:25:27 IST" duration-ms="2390" status="PASS">
          <reporter-output>
          </reporter-output>
        </test-method> <!-- setup -->
        <test-method signature="verifySearch()[pri:0, instance:com.bank.qa.testcases.CustomerslistTest@524d6d96]" started-at="2024-03-08T16:25:27 IST" name="verifySearch" finished-at="2024-03-08T16:25:29 IST" duration-ms="1685" status="PASS">
          <reporter-output>
          </reporter-output>
        </test-method> <!-- verifySearch -->
      </class> <!-- com.bank.qa.testcases.CustomerslistTest -->
      <class name="com.bank.qa.testcases.AddCustomerTest">
        <test-method is-config="true" signature="setup()[pri:0, instance:com.bank.qa.testcases.AddCustomerTest@11fc564b]" started-at="2024-03-08T16:25:20 IST" name="setup" finished-at="2024-03-08T16:25:23 IST" duration-ms="2838" status="PASS">
          <reporter-output>
          </reporter-output>
        </test-method> <!-- setup -->
        <test-method signature="verifyManagerLogin()[pri:0, instance:com.bank.qa.testcases.AddCustomerTest@11fc564b]" started-at="2024-03-08T16:25:23 IST" name="verifyManagerLogin" finished-at="2024-03-08T16:25:25 IST" duration-ms="1726" status="PASS">
          <reporter-output>
          </reporter-output>
        </test-method> <!-- verifyManagerLogin -->
      </class> <!-- com.bank.qa.testcases.AddCustomerTest -->
    </test> <!-- Surefire test -->
  </suite> <!-- Surefire suite -->
</testng-results>
