<?xml version="1.0" encoding="UTF-8"?>
<testng-results ignored="0" total="1" passed="1" failed="0" skipped="0">
  <reporter-output>
  </reporter-output>
  <suite started-at="2024-03-09T03:49:23Z" name="Default suite" finished-at="2024-03-09T03:49:36Z" duration-ms="13526">
    <groups>
    </groups>
    <test started-at="2024-03-09T03:49:23Z" name="Default test" finished-at="2024-03-09T03:49:36Z" duration-ms="13526">
      <class name="com.bank.qa.testcases.AddCustomerTest">
        <test-method is-config="true" signature="setup()[pri:0, instance:com.bank.qa.testcases.AddCustomerTest@401f7633]" started-at="2024-03-09T09:19:23Z" name="setup" finished-at="2024-03-09T09:19:34Z" duration-ms="11108" status="PASS">
          <reporter-output>
          </reporter-output>
        </test-method> <!-- setup -->
        <test-method signature="verifyManagerLogin()[pri:0, instance:com.bank.qa.testcases.AddCustomerTest@401f7633]" started-at="2024-03-09T09:19:34Z" name="verifyManagerLogin" finished-at="2024-03-09T09:19:36Z" duration-ms="2398" status="PASS">
          <reporter-output>
          </reporter-output>
        </test-method> <!-- verifyManagerLogin -->
      </class> <!-- com.bank.qa.testcases.AddCustomerTest -->
    </test> <!-- Default test -->
  </suite> <!-- Default suite -->
</testng-results>
